<?xml version="1.0" encoding="UTF-8"?>
<!-- Generated by org.testng.reporters.JUnitXMLReporter -->
<testsuite hostname="indxxx" name="Test" tests="3" failures="1" timestamp="22 Dec 2017 08:51:27 GMT" time="0.9" errors="0">
  <testcase name="FailTest" time="0.014" classname="SoftwareTestingMaterial.ExtentReportsClass"/>
  <testcase name="PassTest" time="0.003" classname="SoftwareTestingMaterial.ExtentReportsClass"/>
  <testcase name="close" time="0.002" classname="SoftwareTestingMaterial.ExtentReportsClass">
    <failure type="java.lang.AssertionError" message="expected [true] but found [false]">
      <![CDATA[java.lang.AssertionError: expected [true] but found [false]
	at SoftwareTestingMaterial.ExtentReportsClass.close(ExtentReportsClass.java:53)
... Removed 28 stack frames]]>
    </failure>
  </testcase> <!-- close -->
</testsuite> <!-- Test -->
